<?xml version="1.0" encoding="UTF-8"?>
<!-- Generated by org.testng.reporters.JUnitReportReporter -->
<testsuite hostname="durgasoft-PC" name="Inventory_Module.Test_004" tests="2" failures="0" timestamp="5 Aug 2015 06:36:00 GMT" time="8.751" errors="0">
  <testcase name="Alogin" time="5.647" classname="Inventory_Module.Test_004"/>
  <testcase name="Bchk_window" time="3.104" classname="Inventory_Module.Test_004"/>
</testsuite> <!-- Inventory_Module.Test_004 -->
