<?xml version="1.0" encoding="UTF-8"?>
<!-- Generated by org.testng.reporters.JUnitReportReporter -->
<testsuite hostname="durgasoft-PC" name="Inventory_Module.ChkLinks_Login" tests="1" failures="0" timestamp="4 Aug 2015 04:40:09 GMT" time="2.371" errors="0">
  <testcase name="f" time="2.371" classname="Inventory_Module.ChkLinks_Login"/>
</testsuite> <!-- Inventory_Module.ChkLinks_Login -->
