<?xml version="1.0" encoding="UTF-8"?>
<!-- Generated by org.testng.reporters.JUnitReportReporter -->
<testsuite hostname="durgasoft-PC" name="com.erp.DataDriven_Inv" tests="1" failures="0" timestamp="18 Aug 2015 06:02:41 GMT" time="1.529" errors="0">
  <testcase name="Btn_Text_Loc" time="1.529" classname="com.erp.DataDriven_Inv"/>
</testsuite> <!-- com.erp.DataDriven_Inv -->
