<?xml version="1.0" encoding="UTF-8"?>
<!-- Generated by org.testng.reporters.JUnitReportReporter -->
<testsuite hostname="durgasoft-PC" name="Inventory_Module.Test007" tests="1" failures="0" timestamp="11 Aug 2015 04:46:30 GMT" time="27.068" errors="0">
  <testcase name="itemmasterall_links" time="27.068" classname="Inventory_Module.Test007"/>
</testsuite> <!-- Inventory_Module.Test007 -->
