<?xml version="1.0" encoding="UTF-8"?>
<!-- Generated by org.testng.reporters.JUnitReportReporter -->
<testsuite hostname="durgasoft-PC" name="Inventory_Module.CreateAct_New" tests="1" failures="0" timestamp="3 Aug 2015 06:00:28 GMT" time="3.572" errors="0">
  <testcase name="f" time="3.572" classname="Inventory_Module.CreateAct_New"/>
</testsuite> <!-- Inventory_Module.CreateAct_New -->
