<?xml version="1.0" encoding="UTF-8"?>
<!-- Generated by org.testng.reporters.JUnitReportReporter -->
<testsuite hostname="durgasoft-PC" name="Inventory_Module.Test_005" tests="1" failures="0" timestamp="4 Aug 2015 06:00:29 GMT" time="9.548" errors="0">
  <testcase name="f" time="9.548" classname="Inventory_Module.Test_005"/>
</testsuite> <!-- Inventory_Module.Test_005 -->
