<?xml version="1.0" encoding="UTF-8"?>
<!-- Generated by org.testng.reporters.JUnitReportReporter -->
<testsuite hostname="durgasoft-PC" name="Inventory_Module.Login_ERP" tests="1" failures="0" timestamp="4 Aug 2015 04:38:52 GMT" time="5.866" errors="0">
  <testcase name="f" time="5.866" classname="Inventory_Module.Login_ERP"/>
</testsuite> <!-- Inventory_Module.Login_ERP -->
