<?xml version="1.0" encoding="UTF-8"?>
<!-- Generated by org.testng.reporters.JUnitReportReporter -->
<testsuite hostname="durgasoft-PC" name="Inventory_Module.ItemNumber_Ajax" tests="1" failures="0" timestamp="3 Aug 2015 08:29:18 GMT" time="9.267" errors="0">
  <testcase name="f" time="9.267" classname="Inventory_Module.ItemNumber_Ajax"/>
</testsuite> <!-- Inventory_Module.ItemNumber_Ajax -->
