<?xml version="1.0" encoding="UTF-8"?>
<!-- Generated by org.testng.reporters.JUnitReportReporter -->
<testsuite hostname="durgasoft-PC" name="Inventory_Module.Test_003" tests="1" failures="0" timestamp="4 Aug 2015 06:00:29 GMT" time="3.573" errors="0">
  <testcase name="f" time="3.573" classname="Inventory_Module.Test_003"/>
</testsuite> <!-- Inventory_Module.Test_003 -->
