<?xml version="1.0" encoding="UTF-8"?>
<!-- Generated by org.testng.reporters.JUnitReportReporter -->
<testsuite hostname="durgasoft-PC" name="Inventory_Module.Test_006" tests="1" failures="0" timestamp="10 Aug 2015 06:07:19 GMT" time="37.685" errors="0">
  <testcase name="allLinks_Inventory" time="37.685" classname="Inventory_Module.Test_006"/>
</testsuite> <!-- Inventory_Module.Test_006 -->
