<?xml version="1.0" encoding="UTF-8"?>
<!-- Generated by org.testng.reporters.JUnitReportReporter -->
<testsuite hostname="durgasoft-PC" name="com.erp.DataDriven_Script" tests="1" failures="0" timestamp="24 Aug 2015 05:01:34 GMT" time="542.194" errors="0">
  <testcase name="Read_Excel" time="542.194" classname="com.erp.DataDriven_Script"/>
</testsuite> <!-- com.erp.DataDriven_Script -->
