<?xml version="1.0" encoding="UTF-8"?>
<!-- Generated by org.testng.reporters.JUnitReportReporter -->
<testsuite hostname="durgasoft-PC" name="Inventory_Module.ItemId_WindowHandle" tests="1" failures="0" timestamp="3 Aug 2015 07:45:43 GMT" time="8.505" errors="0">
  <testcase name="f" time="8.505" classname="Inventory_Module.ItemId_WindowHandle"/>
</testsuite> <!-- Inventory_Module.ItemId_WindowHandle -->
