<?xml version="1.0" encoding="UTF-8"?>
<!-- Generated by org.testng.reporters.JUnitReportReporter -->
<testsuite hostname="durgasoft-PC" name="Inventory_Module.Test_002" tests="1" failures="0" timestamp="5 Aug 2015 05:55:16 GMT" time="3.588" errors="0">
  <testcase name="f" time="3.588" classname="Inventory_Module.Test_002"/>
</testsuite> <!-- Inventory_Module.Test_002 -->
