<?xml version="1.0" encoding="UTF-8"?>
<!-- Generated by org.testng.reporters.JUnitReportReporter -->
<testsuite hostname="durgasoft-PC" name="Com.erp.DataDriven_Inv" tests="1" failures="0" timestamp="18 Aug 2015 04:31:03 GMT" time="12.090" errors="0">
  <testcase name="Btn_Text_Loc" time="12.090" classname="Com.erp.DataDriven_Inv"/>
</testsuite> <!-- Com.erp.DataDriven_Inv -->
