<?xml version="1.0" encoding="UTF-8"?>
<!-- Generated by org.testng.reporters.JUnitReportReporter -->
<testsuite hostname="durgasoft-PC" name="Datadriven.Datadriven_MultipleSheet" tests="1" failures="0" timestamp="17 Aug 2015 09:25:45 GMT" time="0.468" errors="0">
  <testcase name="f" time="0.468" classname="Datadriven.Datadriven_MultipleSheet"/>
</testsuite> <!-- Datadriven.Datadriven_MultipleSheet -->
