<?xml version="1.0" encoding="UTF-8"?>
<!-- Generated by org.testng.reporters.JUnitReportReporter -->
<testsuite hostname="durgasoft-PC" name="ERP_Demo.ItemMaster_allLinks" tests="1" failures="0" timestamp="11 Aug 2015 05:43:54 GMT" time="17.300" errors="0">
  <testcase name="item_masterall_links" time="17.300" classname="ERP_Demo.ItemMaster_allLinks"/>
</testsuite> <!-- ERP_Demo.ItemMaster_allLinks -->
