<?xml version="1.0" encoding="UTF-8"?>
<!-- Generated by org.testng.reporters.JUnitReportReporter -->
<testsuite hostname="durgasoft-PC" name="ERP_Demo.Create_New_Account" tests="3" failures="0" timestamp="4 Aug 2015 08:17:09 GMT" time="9.469" errors="0">
  <testcase name="Test01" time="5.382" classname="ERP_Demo.Create_New_Account"/>
  <testcase name="Test03" time="2.044" classname="ERP_Demo.Create_New_Account"/>
  <testcase name="Test02" time="2.043" classname="ERP_Demo.Create_New_Account"/>
</testsuite> <!-- ERP_Demo.Create_New_Account -->
