<?xml version="1.0" encoding="UTF-8"?>
<!-- Generated by org.testng.reporters.JUnitReportReporter -->
<testsuite hostname="durgasoft-PC" name="Datadriven.Object_rep" tests="1" failures="0" timestamp="12 Aug 2015 10:39:30 GMT" time="34.070" errors="0">
  <testcase name="step1" time="34.070" classname="Datadriven.Object_rep"/>
</testsuite> <!-- Datadriven.Object_rep -->
