<?xml version="1.0" encoding="UTF-8"?>
<!-- Generated by org.testng.reporters.JUnitReportReporter -->
<testsuite hostname="durgasoft-PC" name="ERP_Demo.Cancle_Goback" tests="1" failures="0" timestamp="4 Aug 2015 06:22:35 GMT" time="2.886" errors="0">
  <testcase name="verify_cancle_Goback" time="2.886" classname="ERP_Demo.Cancle_Goback"/>
</testsuite> <!-- ERP_Demo.Cancle_Goback -->
