<?xml version="1.0" encoding="UTF-8"?>
<!-- Generated by org.testng.reporters.JUnitReportReporter -->
<testsuite hostname="durgasoft-PC" name="ERP_Demo.OrgID_17" tests="1" failures="0" timestamp="11 Aug 2015 07:29:11 GMT" time="16.536" errors="0">
  <testcase name="f" time="16.536" classname="ERP_Demo.OrgID_17"/>
</testsuite> <!-- ERP_Demo.OrgID_17 -->
