<?xml version="1.0" encoding="UTF-8"?>
<!-- Generated by org.testng.reporters.JUnitReportReporter -->
<testsuite hostname="durgasoft-PC" name="Datadriven.Pageobj_model" tests="2" failures="0" timestamp="18 Aug 2015 05:49:34 GMT" time="15.897" errors="0">
  <testcase name="Test02" time="5.960" classname="Datadriven.Pageobj_model"/>
  <testcase name="Test01" time="9.937" classname="Datadriven.Pageobj_model"/>
</testsuite> <!-- Datadriven.Pageobj_model -->
