<?xml version="1.0" encoding="UTF-8"?>
<!-- Generated by org.testng.reporters.JUnitReportReporter -->
<testsuite hostname="durgasoft-PC" name="ERP_Demo.Inventory_allLink" tests="1" failures="0" timestamp="11 Aug 2015 06:40:35 GMT" time="46.703" errors="0">
  <testcase name="f" time="46.703" classname="ERP_Demo.Inventory_allLink"/>
</testsuite> <!-- ERP_Demo.Inventory_allLink -->
