<?xml version="1.0" encoding="UTF-8"?>
<!-- Generated by org.testng.reporters.JUnitReportReporter -->
<testsuite hostname="durgasoft-PC" name="ERP_Demo.Das_inven" tests="1" failures="0" timestamp="20 Aug 2015 06:46:26 GMT" time="41.783" errors="0">
  <testcase name="inventorymodul" time="41.783" classname="ERP_Demo.Das_inven"/>
</testsuite> <!-- ERP_Demo.Das_inven -->
