<?xml version="1.0" encoding="UTF-8"?>
<!-- Generated by org.testng.reporters.JUnitReportReporter -->
<testsuite hostname="durgasoft-PC" name="Com_ERP.Helper" tests="1" failures="0" timestamp="5 Aug 2015 05:18:42 GMT" time="6.380" errors="0">
  <testcase name="Test_01" time="6.380" classname="Com_ERP.Helper"/>
</testsuite> <!-- Com_ERP.Helper -->
