<?xml version="1.0" encoding="UTF-8"?>
<!-- Generated by org.testng.reporters.JUnitReportReporter -->
<testsuite hostname="durgasoft-PC" name="Com.erp.Helper" tests="1" failures="0" timestamp="5 Aug 2015 06:20:09 GMT" time="6.630" errors="0">
  <testcase name="login" time="6.630" classname="Com.erp.Helper"/>
</testsuite> <!-- Com.erp.Helper -->
