<?xml version="1.0" encoding="UTF-8"?>
<!-- Generated by org.testng.reporters.JUnitReportReporter -->
<testsuite hostname="durgasoft-PC" name="Com.erp.Data_driven" tests="3" failures="0" timestamp="12 Aug 2015 05:32:45 GMT" time="14.757" errors="0">
  <testcase name="testo1" time="9.406" classname="Com.erp.Data_driven"/>
  <testcase name="testo4" time="4.961" classname="Com.erp.Data_driven"/>
  <testcase name="Printxls" time="0.390" classname="Com.erp.Data_driven"/>
</testsuite> <!-- Com.erp.Data_driven -->
