<?xml version="1.0" encoding="UTF-8"?>
<!-- Generated by org.testng.reporters.JUnitReportReporter -->
<testsuite hostname="durgasoft-PC" name="ERP_Demo.All_Module_Name" tests="2" failures="0" timestamp="20 Aug 2015 07:04:04 GMT" time="223.226" errors="0">
  <testcase name="Test01" time="12.215" classname="ERP_Demo.All_Module_Name"/>
  <testcase name="Test02" time="211.011" classname="ERP_Demo.All_Module_Name"/>
</testsuite> <!-- ERP_Demo.All_Module_Name -->
