<?xml version="1.0" encoding="UTF-8"?>
<!-- Generated by org.testng.reporters.JUnitReportReporter -->
<testsuite hostname="durgasoft-PC" name="ERP_Demo.Inventory" tests="1" failures="0" timestamp="7 Aug 2015 06:50:27 GMT" time="42.053" errors="0">
  <testcase name="inventorymodul" time="42.053" classname="ERP_Demo.Inventory"/>
</testsuite> <!-- ERP_Demo.Inventory -->
