<?xml version="1.0" encoding="UTF-8"?>
<!-- Generated by org.testng.reporters.JUnitReportReporter -->
<testsuite hostname="durgasoft-PC" name="ERP_Demo.Login" tests="1" failures="0" timestamp="13 Aug 2015 05:00:31 GMT" time="12.902" errors="0">
  <testcase name="f" time="12.902" classname="ERP_Demo.Login"/>
</testsuite> <!-- ERP_Demo.Login -->
