<?xml version="1.0" encoding="UTF-8"?>
<!-- Generated by org.testng.reporters.JUnitReportReporter -->
<testsuite hostname="durga-PC" name="com.ERP.Inventory" tests="2" failures="0" timestamp="11 Aug 2015 18:00:39 GMT" time="12.704" errors="0">
  <testcase name="test01" time="9.094" classname="com.ERP.Inventory"/>
  <testcase name="test02" time="3.610" classname="com.ERP.Inventory"/>
</testsuite> <!-- com.ERP.Inventory -->
